14 Feb 13:39:31 CONFIG [geoserver.logging] - Log4j 2 configuration set to DEFAULT_LOGGING.xml
14 Feb 13:39:33 CONFIG [gwc.config] - Will look for 'geowebcache.xml' in directory 'C:\Users\rodri\development\UCA\sig\Proyecto_SIG_MantosAcuiferos\geoserver\geoserver-bin\data_dir\gwc'.
14 Feb 13:39:33 CONFIG [gwc.config] - Create configuration file 'gwc/geowebcache.xml' from template jar:file:/C:/Users/rodri/development/UCA/sig/Proyecto_SIG_MantosAcuiferos/geoserver/geoserver-bin/webapps/geoserver/WEB-INF/lib/gwc-core-1.21.3.jar!/geowebcache_empty.xml
14 Feb 13:39:33 WARN   [config.XMLConfiguration] - GWC configuration validation error: cvc-elt.1.a: Cannot find the declaration of element 'gwcConfiguration'.
14 Feb 13:39:33 WARN   [config.XMLConfiguration] - Will try to use configuration anyway. Please check the order of declared elements against the schema.
14 Feb 13:39:33 CONFIG [org.geoserver] - GeoServer configuration lock is enabled
14 Feb 13:39:33 CONFIG [org.geoserver] - Loading catalog C:\Users\rodri\development\UCA\sig\Proyecto_SIG_MantosAcuiferos\geoserver\geoserver-bin\data_dir
14 Feb 13:39:33 CONFIG [org.geoserver] - Loaded style 'burg'
14 Feb 13:39:33 CONFIG [org.geoserver] - Loaded style 'dem'
14 Feb 13:39:33 CONFIG [org.geoserver] - Loaded style 'capitals'
14 Feb 13:39:33 CONFIG [org.geoserver] - Loaded style 'cite_lakes'
14 Feb 13:39:33 CONFIG [org.geoserver] - Loaded style 'generic'
14 Feb 13:39:33 CONFIG [org.geoserver] - Loaded style 'grass'
14 Feb 13:39:33 CONFIG [org.geoserver] - Loaded style 'green'
14 Feb 13:39:33 CONFIG [org.geoserver] - Loaded style 'giant_polygon'
14 Feb 13:39:33 CONFIG [org.geoserver] - Loaded style 'line'
14 Feb 13:39:33 CONFIG [org.geoserver] - Loaded style 'poi'
14 Feb 13:39:33 CONFIG [org.geoserver] - Loaded style 'polygon'
14 Feb 13:39:33 CONFIG [org.geoserver] - Loaded style 'point'
14 Feb 13:39:33 CONFIG [org.geoserver] - Loaded style 'poly_landmarks'
14 Feb 13:39:33 CONFIG [org.geoserver] - Loaded style 'pophatch'
14 Feb 13:39:33 CONFIG [org.geoserver] - Loaded style 'rain'
14 Feb 13:39:33 CONFIG [org.geoserver] - Loaded style 'population'
14 Feb 13:39:33 CONFIG [org.geoserver] - Loaded style 'raster'
14 Feb 13:39:33 CONFIG [org.geoserver] - Loaded style 'restricted'
14 Feb 13:39:33 CONFIG [org.geoserver] - Loaded style 'simple_roads'
14 Feb 13:39:33 CONFIG [org.geoserver] - Loaded style 'simple_streams'
14 Feb 13:39:33 CONFIG [org.geoserver] - Loaded style 'tiger_roads'
14 Feb 13:39:33 CONFIG [org.geoserver] - Loaded default workspace 'ne'
14 Feb 13:39:33 CONFIG [org.geoserver] - Loaded workspace 'cite'
14 Feb 13:39:33 CONFIG [org.geoserver] - Loaded workspace 'ne'
14 Feb 13:39:33 CONFIG [org.geoserver] - Loaded style 'boundary_lines'
14 Feb 13:39:33 CONFIG [org.geoserver] - Loaded style 'coastline'
14 Feb 13:39:33 CONFIG [org.geoserver] - Loaded style 'countries_mapcolor9'
14 Feb 13:39:33 CONFIG [org.geoserver] - Loaded style 'populated_places'
14 Feb 13:39:33 CONFIG [org.geoserver] - Loaded style 'countries'
14 Feb 13:39:33 CONFIG [org.geoserver] - Loaded workspace 'it.geosolutions'
14 Feb 13:39:33 CONFIG [org.geoserver] - Loaded workspace 'nurc'
14 Feb 13:39:33 CONFIG [org.geoserver] - Loaded workspace 'topp'
14 Feb 13:39:33 CONFIG [org.geoserver] - Loaded workspace 'sf'
14 Feb 13:39:33 CONFIG [org.geoserver] - Loaded workspace 'sde'
14 Feb 13:39:33 CONFIG [org.geoserver] - Loaded workspace 'tiger'
14 Feb 13:39:33 CONFIG [org.geoserver] - Loaded data store 'GeoPackageSample', enabled
14 Feb 13:39:34 CONFIG [org.geoserver] - Loaded feature type 'populated_places', enabled
14 Feb 13:39:34 CONFIG [org.geoserver] - Loaded layer 'populated_places'
14 Feb 13:39:34 CONFIG [org.geoserver] - Loaded feature type 'coastlines', enabled
14 Feb 13:39:34 CONFIG [org.geoserver] - Loaded layer 'coastlines'
14 Feb 13:39:34 CONFIG [org.geoserver] - Loaded feature type 'countries', enabled
14 Feb 13:39:34 CONFIG [org.geoserver] - Loaded layer 'countries'
14 Feb 13:39:34 CONFIG [org.geoserver] - Loaded feature type 'boundary_lines', enabled
14 Feb 13:39:34 CONFIG [org.geoserver] - Loaded layer 'boundary_lines'
14 Feb 13:39:34 CONFIG [org.geoserver] - Loaded layer group 'world'
14 Feb 13:39:34 CONFIG [org.geoserver] - Loaded coverage store 'img_sample2', enabled
14 Feb 13:39:34 CONFIG [org.geoserver] - Loaded coverage 'Pk50095', enabled
14 Feb 13:39:34 CONFIG [org.geoserver] - Loaded layer 'Pk50095'
14 Feb 13:39:34 CONFIG [org.geoserver] - Loaded coverage store 'arcGridSample', enabled
14 Feb 13:39:34 CONFIG [org.geoserver] - Loaded coverage 'Arc_Sample', enabled
14 Feb 13:39:34 CONFIG [org.geoserver] - Loaded layer 'Arc_Sample'
14 Feb 13:39:34 CONFIG [org.geoserver] - Loaded coverage store 'worldImageSample', enabled
14 Feb 13:39:34 CONFIG [org.geoserver] - Loaded coverage 'Img_Sample', enabled
14 Feb 13:39:34 CONFIG [org.geoserver] - Loaded layer 'Img_Sample'
14 Feb 13:39:34 CONFIG [org.geoserver] - Loaded coverage store 'mosaic', enabled
14 Feb 13:39:34 CONFIG [org.geoserver] - Loaded coverage 'mosaic', enabled
14 Feb 13:39:34 CONFIG [org.geoserver] - Loaded layer 'mosaic'
14 Feb 13:39:34 CONFIG [org.geoserver] - Loaded data store 'sf', enabled
14 Feb 13:39:34 CONFIG [org.geoserver] - Loaded feature type 'restricted', enabled
14 Feb 13:39:34 CONFIG [org.geoserver] - Loaded layer 'restricted'
14 Feb 13:39:34 CONFIG [org.geoserver] - Loaded feature type 'bugsites', enabled
14 Feb 13:39:34 CONFIG [org.geoserver] - Loaded layer 'bugsites'
14 Feb 13:39:34 CONFIG [org.geoserver] - Loaded feature type 'roads', enabled
14 Feb 13:39:34 CONFIG [org.geoserver] - Loaded layer 'roads'
14 Feb 13:39:34 CONFIG [org.geoserver] - Loaded feature type 'archsites', enabled
14 Feb 13:39:34 CONFIG [org.geoserver] - Loaded layer 'archsites'
14 Feb 13:39:34 CONFIG [org.geoserver] - Loaded feature type 'streams', enabled
14 Feb 13:39:34 CONFIG [org.geoserver] - Loaded layer 'streams'
14 Feb 13:39:34 CONFIG [org.geoserver] - Loaded coverage store 'sfdem', enabled
14 Feb 13:39:34 CONFIG [org.geoserver] - Loaded coverage 'sfdem', enabled
14 Feb 13:39:34 CONFIG [org.geoserver] - Loaded layer 'sfdem'
14 Feb 13:39:34 CONFIG [org.geoserver] - Loaded data store 'nyc', enabled
14 Feb 13:39:34 CONFIG [org.geoserver] - Loaded feature type 'poi', enabled
14 Feb 13:39:34 CONFIG [org.geoserver] - Loaded layer 'poi'
14 Feb 13:39:34 CONFIG [org.geoserver] - Loaded feature type 'giant_polygon', enabled
14 Feb 13:39:34 CONFIG [org.geoserver] - Loaded layer 'giant_polygon'
14 Feb 13:39:34 CONFIG [org.geoserver] - Loaded feature type 'poly_landmarks', enabled
14 Feb 13:39:34 CONFIG [org.geoserver] - Loaded layer 'poly_landmarks'
14 Feb 13:39:34 CONFIG [org.geoserver] - Loaded feature type 'tiger_roads', enabled
14 Feb 13:39:34 CONFIG [org.geoserver] - Loaded layer 'tiger_roads'
14 Feb 13:39:34 CONFIG [org.geoserver] - Loaded data store 'taz_shapes', enabled
14 Feb 13:39:34 CONFIG [org.geoserver] - Loaded feature type 'tasmania_cities', enabled
14 Feb 13:39:34 CONFIG [org.geoserver] - Loaded layer 'tasmania_cities'
14 Feb 13:39:34 CONFIG [org.geoserver] - Loaded feature type 'tasmania_roads', enabled
14 Feb 13:39:34 CONFIG [org.geoserver] - Loaded layer 'tasmania_roads'
14 Feb 13:39:34 CONFIG [org.geoserver] - Loaded feature type 'tasmania_state_boundaries', enabled
14 Feb 13:39:34 CONFIG [org.geoserver] - Loaded layer 'tasmania_state_boundaries'
14 Feb 13:39:34 CONFIG [org.geoserver] - Loaded feature type 'tasmania_water_bodies', enabled
14 Feb 13:39:34 CONFIG [org.geoserver] - Loaded layer 'tasmania_water_bodies'
14 Feb 13:39:34 CONFIG [org.geoserver] - Loaded data store 'states_shapefile', enabled
14 Feb 13:39:34 CONFIG [org.geoserver] - Loaded feature type 'states', enabled
14 Feb 13:39:34 CONFIG [org.geoserver] - Loaded layer 'states'
14 Feb 13:39:34 CONFIG [org.geoserver] - Loaded layer group 'spearfish'
14 Feb 13:39:34 CONFIG [org.geoserver] - Loaded layer group 'tasmania'
14 Feb 13:39:34 CONFIG [org.geoserver] - Loaded layer group 'tiger-ny'
14 Feb 13:39:34 CONFIG [org.geoserver] - Read catalog in 1.456 s
14 Feb 13:39:34 CONFIG [config.XMLConfiguration] - Initializing GridSets from gwc
14 Feb 13:39:34 CONFIG [config.XMLConfiguration] - Initializing layers from gwc
14 Feb 13:39:34 CONFIG [gwc.layer] - Initializing GWC configuration based on GeoServer's Catalog
14 Feb 13:39:34 CONFIG [gwc.layer] - GeoServer TileLayer store base directory is: gwc-layers
14 Feb 13:39:34 CONFIG [gwc.layer] - Loading tile layers from gwc-layers
14 Feb 13:39:34 CONFIG [gwc.layer] - Loaded 0 tile layers in 3.783 ms
14 Feb 13:39:34 CONFIG [storage.BlobStoreAggregator] - BlobStoreConfiguration gwc contained no blob store infos.
14 Feb 13:39:34 CONFIG [storage.DefaultStorageFinder] - Found system environment variableGEOSERVER_DATA_DIR set to C:\Users\rodri\development\UCA\sig\Proyecto_SIG_MantosAcuiferos\geoserver\geoserver-bin\data_dir, using it as the default prefix.
14 Feb 13:39:34 CONFIG [geowebcache.GeoWebCacheDispatcher] - Invoked setServletPrefix(gwc)
14 Feb 13:39:34 CONFIG [wms.WMSService] - Will NOT recombine tiles for non-tiling clients.
14 Feb 13:39:34 CONFIG [wms.WMSService] - Will proxy requests to backend that are not getmap or getcapabilities.
14 Feb 13:39:35 CONFIG [org.geoserver] - Loaded service 'WMTSInfoImpl--3ef31051:182c1e8b194:-8000', enabled
14 Feb 13:39:35 CONFIG [org.geoserver] - Loaded service 'wcs', enabled
14 Feb 13:39:35 CONFIG [org.geoserver] - Loaded service 'wfs', enabled
14 Feb 13:39:35 CONFIG [org.geoserver] - Loaded service 'wms', enabled
14 Feb 13:39:35 CONFIG [org.geoserver] - Loaded service 'WMTSInfoImpl-1c443fee:182c0f3f209:-7f98', enabled
14 Feb 13:39:35 CONFIG [org.geoserver] - Loaded service 'WCSInfoImpl-1c443fee:182c0f3f209:-7f96', enabled
14 Feb 13:39:35 CONFIG [org.geoserver] - Loaded service 'WFSInfoImpl-1c443fee:182c0f3f209:-7f97', enabled
14 Feb 13:39:35 CONFIG [org.geoserver] - Loaded service 'WMSInfoImpl-1c443fee:182c0f3f209:-7f99', enabled
14 Feb 13:39:35 CONFIG [gwc.config] - Initializing GeoServer specific GWC configuration from gwc-gs.xml
14 Feb 13:39:36 CONFIG [gwc.config] - Will look for 'geowebcache-diskquota.xml' in directory 'C:\Users\rodri\development\UCA\sig\Proyecto_SIG_MantosAcuiferos\geoserver\geoserver-bin\data_dir\gwc'.
14 Feb 13:39:36 CONFIG [gwc.config] - Will look for 'geowebcache-diskquota-jdbc.xml' in directory 'C:\Users\rodri\development\UCA\sig\Proyecto_SIG_MantosAcuiferos\geoserver\geoserver-bin\data_dir\gwc'.
14 Feb 13:39:36 CONFIG [diskquota.ConfigLoader] - DiskQuota configuration is not readable: gwc/geowebcache-diskquota.xml
14 Feb 13:39:36 CONFIG [diskquota.ConfigLoader] - DiskQuota configuration is not readable: gwc/geowebcache-diskquota.xml
14 Feb 13:39:36 CONFIG [diskquota.DiskQuotaMonitor] - Setting up disk quota periodic enforcement task
14 Feb 13:39:36 CONFIG [diskquota.DiskQuotaMonitor] - 0 layers configured with their own quotas. 
14 Feb 13:39:36 CONFIG [diskquota.DiskQuotaMonitor] - 27 layers attached to global quota 500.0 MB
14 Feb 13:39:36 CONFIG [diskquota.DiskQuotaMonitor] - Disk quota periodic enforcement task set up every 10 SECONDS
14 Feb 13:39:38 WARN   [gce.imagemosaic] - Unable to set ordering between tiff readers spi
14 Feb 13:39:39 CONFIG [geoserver.security] - AuthenticationCache Initialized with 1000 Max Entries, 300 seconds idle time, 600 seconds time to live and 3 concurrency level
14 Feb 13:39:39 CONFIG [geoserver.security] - AuthenticationCache Eviction Task created to run every 600 seconds
14 Feb 13:39:39 CONFIG [platform.resource] - Notifying ENTRY_CREATE change on C:\Users\rodri\development\UCA\sig\Proyecto_SIG_MantosAcuiferos\geoserver\geoserver-bin\data_dir\gwc-layers. Created: 27, removed: 0, modified: 0
14 Feb 13:39:40 CONFIG [geoserver.security] - Start reloading user/groups for service named default
14 Feb 13:39:40 CONFIG [geoserver.security] - Reloading user/groups successful for service named default
14 Feb 13:54:38 CONFIG [geoserver.logging] - Log4j 2 configuration set to DEFAULT_LOGGING.xml
14 Feb 13:54:39 CONFIG [gwc.config] - Will look for 'geowebcache.xml' in directory 'C:\Users\rodri\development\UCA\sig\Proyecto_SIG_MantosAcuiferos\geoserver\geoserver-bin\data_dir\gwc'.
14 Feb 13:54:39 WARN   [config.XMLConfiguration] - GWC configuration validation error: cvc-elt.1.a: Cannot find the declaration of element 'gwcConfiguration'.
14 Feb 13:54:39 WARN   [config.XMLConfiguration] - Will try to use configuration anyway. Please check the order of declared elements against the schema.
14 Feb 13:54:40 CONFIG [org.geoserver] - GeoServer configuration lock is enabled
14 Feb 13:54:40 CONFIG [org.geoserver] - Loading catalog C:\Users\rodri\development\UCA\sig\Proyecto_SIG_MantosAcuiferos\geoserver\geoserver-bin\data_dir
14 Feb 13:54:40 CONFIG [org.geoserver] - Loaded style 'capitals'
14 Feb 13:54:40 CONFIG [org.geoserver] - Loaded style 'cite_lakes'
14 Feb 13:54:40 CONFIG [org.geoserver] - Loaded style 'dem'
14 Feb 13:54:40 CONFIG [org.geoserver] - Loaded style 'burg'
14 Feb 13:54:40 CONFIG [org.geoserver] - Loaded style 'grass'
14 Feb 13:54:40 CONFIG [org.geoserver] - Loaded style 'generic'
14 Feb 13:54:40 CONFIG [org.geoserver] - Loaded style 'green'
14 Feb 13:54:40 CONFIG [org.geoserver] - Loaded style 'giant_polygon'
14 Feb 13:54:40 CONFIG [org.geoserver] - Loaded style 'poi'
14 Feb 13:54:40 CONFIG [org.geoserver] - Loaded style 'line'
14 Feb 13:54:40 CONFIG [org.geoserver] - Loaded style 'point'
14 Feb 13:54:40 CONFIG [org.geoserver] - Loaded style 'polygon'
14 Feb 13:54:40 CONFIG [org.geoserver] - Loaded style 'poly_landmarks'
14 Feb 13:54:40 CONFIG [org.geoserver] - Loaded style 'pophatch'
14 Feb 13:54:40 CONFIG [org.geoserver] - Loaded style 'population'
14 Feb 13:54:40 CONFIG [org.geoserver] - Loaded style 'rain'
14 Feb 13:54:40 CONFIG [org.geoserver] - Loaded style 'raster'
14 Feb 13:54:40 CONFIG [org.geoserver] - Loaded style 'restricted'
14 Feb 13:54:40 CONFIG [org.geoserver] - Loaded style 'simple_roads'
14 Feb 13:54:40 CONFIG [org.geoserver] - Loaded style 'simple_streams'
14 Feb 13:54:40 CONFIG [org.geoserver] - Loaded style 'tiger_roads'
14 Feb 13:54:40 CONFIG [org.geoserver] - Loaded default workspace 'ne'
14 Feb 13:54:40 CONFIG [org.geoserver] - Loaded workspace 'cite'
14 Feb 13:54:40 CONFIG [org.geoserver] - Loaded workspace 'nurc'
14 Feb 13:54:40 CONFIG [org.geoserver] - Loaded workspace 'it.geosolutions'
14 Feb 13:54:40 CONFIG [org.geoserver] - Loaded workspace 'ne'
14 Feb 13:54:40 CONFIG [org.geoserver] - Loaded style 'boundary_lines'
14 Feb 13:54:40 CONFIG [org.geoserver] - Loaded style 'coastline'
14 Feb 13:54:40 CONFIG [org.geoserver] - Loaded style 'countries_mapcolor9'
14 Feb 13:54:40 CONFIG [org.geoserver] - Loaded style 'countries'
14 Feb 13:54:40 CONFIG [org.geoserver] - Loaded style 'populated_places'
14 Feb 13:54:40 CONFIG [org.geoserver] - Loaded workspace 'sde'
14 Feb 13:54:40 CONFIG [org.geoserver] - Loaded workspace 'tiger'
14 Feb 13:54:40 CONFIG [org.geoserver] - Loaded workspace 'sf'
14 Feb 13:54:40 CONFIG [org.geoserver] - Loaded workspace 'topp'
14 Feb 13:54:40 CONFIG [org.geoserver] - Loaded data store 'GeoPackageSample', enabled
14 Feb 13:54:41 CONFIG [org.geoserver] - Loaded feature type 'populated_places', enabled
14 Feb 13:54:41 CONFIG [org.geoserver] - Loaded layer 'populated_places'
14 Feb 13:54:41 CONFIG [org.geoserver] - Loaded feature type 'countries', enabled
14 Feb 13:54:41 CONFIG [org.geoserver] - Loaded layer 'countries'
14 Feb 13:54:41 CONFIG [org.geoserver] - Loaded feature type 'boundary_lines', enabled
14 Feb 13:54:41 CONFIG [org.geoserver] - Loaded layer 'boundary_lines'
14 Feb 13:54:41 CONFIG [org.geoserver] - Loaded feature type 'coastlines', enabled
14 Feb 13:54:41 CONFIG [org.geoserver] - Loaded layer 'coastlines'
14 Feb 13:54:41 CONFIG [org.geoserver] - Loaded layer group 'world'
14 Feb 13:54:41 CONFIG [org.geoserver] - Loaded coverage store 'img_sample2', enabled
14 Feb 13:54:41 CONFIG [org.geoserver] - Loaded coverage 'Pk50095', enabled
14 Feb 13:54:41 CONFIG [org.geoserver] - Loaded layer 'Pk50095'
14 Feb 13:54:41 CONFIG [org.geoserver] - Loaded coverage store 'worldImageSample', enabled
14 Feb 13:54:41 CONFIG [org.geoserver] - Loaded coverage 'Img_Sample', enabled
14 Feb 13:54:41 CONFIG [org.geoserver] - Loaded layer 'Img_Sample'
14 Feb 13:54:41 CONFIG [org.geoserver] - Loaded coverage store 'arcGridSample', enabled
14 Feb 13:54:41 CONFIG [org.geoserver] - Loaded coverage 'Arc_Sample', enabled
14 Feb 13:54:41 CONFIG [org.geoserver] - Loaded layer 'Arc_Sample'
14 Feb 13:54:41 CONFIG [org.geoserver] - Loaded coverage store 'mosaic', enabled
14 Feb 13:54:41 CONFIG [org.geoserver] - Loaded coverage 'mosaic', enabled
14 Feb 13:54:41 CONFIG [org.geoserver] - Loaded layer 'mosaic'
14 Feb 13:54:41 CONFIG [org.geoserver] - Loaded data store 'sf', enabled
14 Feb 13:54:41 CONFIG [org.geoserver] - Loaded feature type 'restricted', enabled
14 Feb 13:54:41 CONFIG [org.geoserver] - Loaded layer 'restricted'
14 Feb 13:54:41 CONFIG [org.geoserver] - Loaded feature type 'archsites', enabled
14 Feb 13:54:41 CONFIG [org.geoserver] - Loaded layer 'archsites'
14 Feb 13:54:41 CONFIG [org.geoserver] - Loaded feature type 'roads', enabled
14 Feb 13:54:41 CONFIG [org.geoserver] - Loaded layer 'roads'
14 Feb 13:54:41 CONFIG [org.geoserver] - Loaded feature type 'bugsites', enabled
14 Feb 13:54:41 CONFIG [org.geoserver] - Loaded layer 'bugsites'
14 Feb 13:54:41 CONFIG [org.geoserver] - Loaded feature type 'streams', enabled
14 Feb 13:54:41 CONFIG [org.geoserver] - Loaded layer 'streams'
14 Feb 13:54:41 CONFIG [org.geoserver] - Loaded coverage store 'sfdem', enabled
14 Feb 13:54:41 CONFIG [org.geoserver] - Loaded coverage 'sfdem', enabled
14 Feb 13:54:41 CONFIG [org.geoserver] - Loaded layer 'sfdem'
14 Feb 13:54:41 CONFIG [org.geoserver] - Loaded data store 'nyc', enabled
14 Feb 13:54:41 CONFIG [org.geoserver] - Loaded feature type 'giant_polygon', enabled
14 Feb 13:54:41 CONFIG [org.geoserver] - Loaded layer 'giant_polygon'
14 Feb 13:54:41 CONFIG [org.geoserver] - Loaded feature type 'poi', enabled
14 Feb 13:54:41 CONFIG [org.geoserver] - Loaded layer 'poi'
14 Feb 13:54:41 CONFIG [org.geoserver] - Loaded feature type 'tiger_roads', enabled
14 Feb 13:54:41 CONFIG [org.geoserver] - Loaded layer 'tiger_roads'
14 Feb 13:54:41 CONFIG [org.geoserver] - Loaded feature type 'poly_landmarks', enabled
14 Feb 13:54:41 CONFIG [org.geoserver] - Loaded layer 'poly_landmarks'
14 Feb 13:54:41 CONFIG [org.geoserver] - Loaded data store 'states_shapefile', enabled
14 Feb 13:54:41 CONFIG [org.geoserver] - Loaded feature type 'states', enabled
14 Feb 13:54:41 CONFIG [org.geoserver] - Loaded layer 'states'
14 Feb 13:54:41 CONFIG [org.geoserver] - Loaded data store 'taz_shapes', enabled
14 Feb 13:54:41 CONFIG [org.geoserver] - Loaded feature type 'tasmania_water_bodies', enabled
14 Feb 13:54:41 CONFIG [org.geoserver] - Loaded layer 'tasmania_water_bodies'
14 Feb 13:54:41 CONFIG [org.geoserver] - Loaded feature type 'tasmania_cities', enabled
14 Feb 13:54:41 CONFIG [org.geoserver] - Loaded layer 'tasmania_cities'
14 Feb 13:54:41 CONFIG [org.geoserver] - Loaded feature type 'tasmania_state_boundaries', enabled
14 Feb 13:54:41 CONFIG [org.geoserver] - Loaded layer 'tasmania_state_boundaries'
14 Feb 13:54:41 CONFIG [org.geoserver] - Loaded feature type 'tasmania_roads', enabled
14 Feb 13:54:41 CONFIG [org.geoserver] - Loaded layer 'tasmania_roads'
14 Feb 13:54:41 CONFIG [org.geoserver] - Loaded layer group 'spearfish'
14 Feb 13:54:41 CONFIG [org.geoserver] - Loaded layer group 'tasmania'
14 Feb 13:54:41 CONFIG [org.geoserver] - Loaded layer group 'tiger-ny'
14 Feb 13:54:41 CONFIG [org.geoserver] - Read catalog in 1.665 s
14 Feb 13:54:41 CONFIG [config.XMLConfiguration] - Initializing GridSets from gwc
14 Feb 13:54:41 CONFIG [config.XMLConfiguration] - Initializing layers from gwc
14 Feb 13:54:42 CONFIG [gwc.layer] - Initializing GWC configuration based on GeoServer's Catalog
14 Feb 13:54:42 CONFIG [gwc.layer] - GeoServer TileLayer store base directory is: gwc-layers
14 Feb 13:54:42 CONFIG [gwc.layer] - Loading tile layers from gwc-layers
14 Feb 13:54:42 CONFIG [gwc.layer] - Loaded 27 tile layers in 23.21 ms
14 Feb 13:54:42 CONFIG [storage.BlobStoreAggregator] - BlobStoreConfiguration gwc contained no blob store infos.
14 Feb 13:54:42 CONFIG [storage.DefaultStorageFinder] - Found system environment variableGEOSERVER_DATA_DIR set to C:\Users\rodri\development\UCA\sig\Proyecto_SIG_MantosAcuiferos\geoserver\geoserver-bin\data_dir, using it as the default prefix.
14 Feb 13:54:42 CONFIG [geowebcache.GeoWebCacheDispatcher] - Invoked setServletPrefix(gwc)
14 Feb 13:54:42 CONFIG [wms.WMSService] - Will NOT recombine tiles for non-tiling clients.
14 Feb 13:54:42 CONFIG [wms.WMSService] - Will proxy requests to backend that are not getmap or getcapabilities.
14 Feb 13:54:42 CONFIG [org.geoserver] - Loaded service 'WMTSInfoImpl--3ef31051:182c1e8b194:-8000', enabled
14 Feb 13:54:42 CONFIG [org.geoserver] - Loaded service 'wcs', enabled
14 Feb 13:54:42 CONFIG [org.geoserver] - Loaded service 'wfs', enabled
14 Feb 13:54:42 CONFIG [org.geoserver] - Loaded service 'wms', enabled
14 Feb 13:54:42 CONFIG [org.geoserver] - Loaded service 'WMTSInfoImpl-1c443fee:182c0f3f209:-7f98', enabled
14 Feb 13:54:42 CONFIG [org.geoserver] - Loaded service 'WCSInfoImpl-1c443fee:182c0f3f209:-7f96', enabled
14 Feb 13:54:42 CONFIG [org.geoserver] - Loaded service 'WFSInfoImpl-1c443fee:182c0f3f209:-7f97', enabled
14 Feb 13:54:42 CONFIG [org.geoserver] - Loaded service 'WMSInfoImpl-1c443fee:182c0f3f209:-7f99', enabled
14 Feb 13:54:42 CONFIG [gwc.config] - Initializing GeoServer specific GWC configuration from gwc-gs.xml
14 Feb 13:54:42 CONFIG [gwc.config] - Will look for 'geowebcache-diskquota.xml' in directory 'C:\Users\rodri\development\UCA\sig\Proyecto_SIG_MantosAcuiferos\geoserver\geoserver-bin\data_dir\gwc'.
14 Feb 13:54:42 CONFIG [gwc.config] - Will look for 'geowebcache-diskquota-jdbc.xml' in directory 'C:\Users\rodri\development\UCA\sig\Proyecto_SIG_MantosAcuiferos\geoserver\geoserver-bin\data_dir\gwc'.
14 Feb 13:54:42 CONFIG [diskquota.ConfigLoader] - DiskQuota configuration is not readable: gwc/geowebcache-diskquota.xml
14 Feb 13:54:42 CONFIG [diskquota.ConfigLoader] - DiskQuota configuration is not readable: gwc/geowebcache-diskquota.xml
14 Feb 13:54:42 CONFIG [diskquota.DiskQuotaMonitor] - Setting up disk quota periodic enforcement task
14 Feb 13:54:42 CONFIG [diskquota.DiskQuotaMonitor] - 0 layers configured with their own quotas. 
14 Feb 13:54:42 CONFIG [diskquota.DiskQuotaMonitor] - 27 layers attached to global quota 500.0 MB
14 Feb 13:54:42 CONFIG [diskquota.DiskQuotaMonitor] - Disk quota periodic enforcement task set up every 10 SECONDS
14 Feb 13:54:45 WARN   [gce.imagemosaic] - Unable to set ordering between tiff readers spi
14 Feb 13:54:47 CONFIG [geoserver.security] - Start reloading user/groups for service named default
14 Feb 13:54:47 CONFIG [geoserver.security] - Reloading user/groups successful for service named default
14 Feb 13:54:47 CONFIG [geoserver.security] - AuthenticationCache Initialized with 1000 Max Entries, 300 seconds idle time, 600 seconds time to live and 3 concurrency level
14 Feb 13:54:47 CONFIG [geoserver.security] - AuthenticationCache Eviction Task created to run every 600 seconds
14 Feb 13:55:05 INFO   [geoserver.security] - Strong cryptography is available
